# JRE version: Java(TM) SE Runtime Environment (8.0_144-b01) (build 1.8.0_144-b01)
# Java VM: Java HotSpot(TM) 64-Bit Server VM (25.144-b01 mixed mode windows-amd64 compressed oops)
Heap:
 PSYoungGen      total 68096K, used 7560K [0x00000000d5f00000, 0x00000000dd600000, 0x0000000100000000)
  eden space 62976K, 3% used [0x00000000d5f00000,0x00000000d6162600,0x00000000d9c80000)
  from space 5120K, 99% used [0x00000000da500000,0x00000000da9ffbc0,0x00000000daa00000)
  to   space 8704K, 0% used [0x00000000d9c80000,0x00000000d9c80000,0x00000000da500000)
 ParOldGen       total 56320K, used 7092K [0x0000000081c00000, 0x0000000085300000, 0x00000000d5f00000)
  object space 56320K, 12% used [0x0000000081c00000,0x00000000822ed038,0x0000000085300000)
 Metaspace       used 25327K, capacity 27107K, committed 27392K, reserved 1073152K
  class space    used 3390K, capacity 3732K, committed 3840K, reserved 1048576K
GC Heap History (10 events):
Event: 2.770 GC heap before
{Heap before GC invocations=3 (full 0):
 PSYoungGen      total 38400K, used 38370K [0x00000000d5f00000, 0x00000000d8980000, 0x0000000100000000)
  eden space 33280K, 100% used [0x00000000d5f00000,0x00000000d7f80000,0x00000000d7f80000)
  from space 5120K, 99% used [0x00000000d8480000,0x00000000d8978bf0,0x00000000d8980000)
  to   space 5120K, 0% used [0x00000000d7f80000,0x00000000d7f80000,0x00000000d8480000)
 ParOldGen       total 87552K, used 1106K [0x0000000081c00000, 0x0000000087180000, 0x00000000d5f00000)
  object space 87552K, 1% used [0x0000000081c00000,0x0000000081d14918,0x0000000087180000)
 Metaspace       used 16971K, capacity 17926K, committed 18048K, reserved 1064960K
  class space    used 2171K, capacity 2349K, committed 2432K, reserved 1048576K
Event: 2.780 GC heap after
Heap after GC invocations=3 (full 0):
 PSYoungGen      total 38400K, used 5092K [0x00000000d5f00000, 0x00000000daa00000, 0x0000000100000000)
  eden space 33280K, 0% used [0x00000000d5f00000,0x00000000d5f00000,0x00000000d7f80000)
  from space 5120K, 99% used [0x00000000d7f80000,0x00000000d8479298,0x00000000d8480000)
  to   space 5120K, 0% used [0x00000000da500000,0x00000000da500000,0x00000000daa00000)
 ParOldGen       total 87552K, used 3494K [0x0000000081c00000, 0x0000000087180000, 0x00000000d5f00000)
  object space 87552K, 3% used [0x0000000081c00000,0x0000000081f69a38,0x0000000087180000)
 Metaspace       used 16971K, capacity 17926K, committed 18048K, reserved 1064960K
  class space    used 2171K, capacity 2349K, committed 2432K, reserved 1048576K
}
Event: 3.497 GC heap before
{Heap before GC invocations=4 (full 0):
 PSYoungGen      total 38400K, used 38372K [0x00000000d5f00000, 0x00000000daa00000, 0x0000000100000000)
  eden space 33280K, 100% used [0x00000000d5f00000,0x00000000d7f80000,0x00000000d7f80000)
  from space 5120K, 99% used [0x00000000d7f80000,0x00000000d8479298,0x00000000d8480000)
  to   space 5120K, 0% used [0x00000000da500000,0x00000000da500000,0x00000000daa00000)
 ParOldGen       total 87552K, used 3494K [0x0000000081c00000, 0x0000000087180000, 0x00000000d5f00000)
  object space 87552K, 3% used [0x0000000081c00000,0x0000000081f69a38,0x0000000087180000)
 Metaspace       used 19550K, capacity 20744K, committed 20992K, reserved 1067008K
  class space    used 2508K, capacity 2746K, committed 2816K, reserved 1048576K
Event: 3.509 GC heap after
Heap after GC invocations=4 (full 0):
 PSYoungGen      total 71680K, used 5099K [0x00000000d5f00000, 0x00000000daa00000, 0x0000000100000000)
  eden space 66560K, 0% used [0x00000000d5f00000,0x00000000d5f00000,0x00000000da000000)
  from space 5120K, 99% used [0x00000000da500000,0x00000000da9facd8,0x00000000daa00000)
  to   space 5120K, 0% used [0x00000000da000000,0x00000000da000000,0x00000000da500000)
 ParOldGen       total 87552K, used 6191K [0x0000000081c00000, 0x0000000087180000, 0x00000000d5f00000)
  object space 87552K, 7% used [0x0000000081c00000,0x000000008220bf40,0x0000000087180000)
 Metaspace       used 19550K, capacity 20744K, committed 20992K, reserved 1067008K
  class space    used 2508K, capacity 2746K, committed 2816K, reserved 1048576K
}
Event: 3.663 GC heap before
{Heap before GC invocations=5 (full 0):
 PSYoungGen      total 71680K, used 15448K [0x00000000d5f00000, 0x00000000daa00000, 0x0000000100000000)
  eden space 66560K, 15% used [0x00000000d5f00000,0x00000000d691b4c0,0x00000000da000000)
  from space 5120K, 99% used [0x00000000da500000,0x00000000da9facd8,0x00000000daa00000)
  to   space 5120K, 0% used [0x00000000da000000,0x00000000da000000,0x00000000da500000)
 ParOldGen       total 87552K, used 6191K [0x0000000081c00000, 0x0000000087180000, 0x00000000d5f00000)
  object space 87552K, 7% used [0x0000000081c00000,0x000000008220bf40,0x0000000087180000)
 Metaspace       used 19972K, capacity 21249K, committed 21296K, reserved 1069056K
  class space    used 2584K, capacity 2816K, committed 2816K, reserved 1048576K
Event: 3.673 GC heap after
Heap after GC invocations=5 (full 0):
 PSYoungGen      total 71680K, used 5112K [0x00000000d5f00000, 0x00000000daa00000, 0x0000000100000000)
  eden space 66560K, 0% used [0x00000000d5f00000,0x00000000d5f00000,0x00000000da000000)
  from space 5120K, 99% used [0x00000000da000000,0x00000000da4fe030,0x00000000da500000)
  to   space 5120K, 0% used [0x00000000da500000,0x00000000da500000,0x00000000daa00000)
 ParOldGen       total 87552K, used 6985K [0x0000000081c00000, 0x0000000087180000, 0x00000000d5f00000)
  object space 87552K, 7% used [0x0000000081c00000,0x00000000822d2468,0x0000000087180000)
 Metaspace       used 19972K, capacity 21249K, committed 21296K, reserved 1069056K
  class space    used 2584K, capacity 2816K, committed 2816K, reserved 1048576K
}
Event: 3.674 GC heap before
{Heap before GC invocations=6 (full 1):
 PSYoungGen      total 71680K, used 5112K [0x00000000d5f00000, 0x00000000daa00000, 0x0000000100000000)
  eden space 66560K, 0% used [0x00000000d5f00000,0x00000000d5f00000,0x00000000da000000)
  from space 5120K, 99% used [0x00000000da000000,0x00000000da4fe030,0x00000000da500000)
  to   space 5120K, 0% used [0x00000000da500000,0x00000000da500000,0x00000000daa00000)
 ParOldGen       total 87552K, used 6985K [0x0000000081c00000, 0x0000000087180000, 0x00000000d5f00000)
  object space 87552K, 7% used [0x0000000081c00000,0x00000000822d2468,0x0000000087180000)
 Metaspace       used 19972K, capacity 21249K, committed 21296K, reserved 1069056K
  class space    used 2584K, capacity 2816K, committed 2816K, reserved 1048576K
Event: 3.727 GC heap after
Heap after GC invocations=6 (full 1):
 PSYoungGen      total 71680K, used 0K [0x00000000d5f00000, 0x00000000daa00000, 0x0000000100000000)
  eden space 66560K, 0% used [0x00000000d5f00000,0x00000000d5f00000,0x00000000da000000)
  from space 5120K, 0% used [0x00000000da000000,0x00000000da000000,0x00000000da500000)
  to   space 5120K, 0% used [0x00000000da500000,0x00000000da500000,0x00000000daa00000)
 ParOldGen       total 56320K, used 6330K [0x0000000081c00000, 0x0000000085300000, 0x00000000d5f00000)
  object space 56320K, 11% used [0x0000000081c00000,0x000000008222e888,0x0000000085300000)
 Metaspace       used 19972K, capacity 21249K, committed 21296K, reserved 1069056K
  class space    used 2584K, capacity 2816K, committed 2816K, reserved 1048576K
}
Event: 6.313 GC heap before
{Heap before GC invocations=7 (full 1):
 PSYoungGen      total 71680K, used 66560K [0x00000000d5f00000, 0x00000000daa00000, 0x0000000100000000)
  eden space 66560K, 100% used [0x00000000d5f00000,0x00000000da000000,0x00000000da000000)
  from space 5120K, 0% used [0x00000000da000000,0x00000000da000000,0x00000000da500000)
  to   space 5120K, 0% used [0x00000000da500000,0x00000000da500000,0x00000000daa00000)
 ParOldGen       total 56320K, used 6330K [0x0000000081c00000, 0x0000000085300000, 0x00000000d5f00000)
  object space 56320K, 11% used [0x0000000081c00000,0x000000008222e888,0x0000000085300000)
 Metaspace       used 25211K, capacity 27011K, committed 27264K, reserved 1073152K
  class space    used 3364K, capacity 3700K, committed 3712K, reserved 1048576K
Event: 6.321 GC heap after
Heap after GC invocations=7 (full 1):
 PSYoungGen      total 68096K, used 5118K [0x00000000d5f00000, 0x00000000dd600000, 0x0000000100000000)
  eden space 62976K, 0% used [0x00000000d5f00000,0x00000000d5f00000,0x00000000d9c80000)
  from space 5120K, 99% used [0x00000000da500000,0x00000000da9ffbc0,0x00000000daa00000)
  to   space 8704K, 0% used [0x00000000d9c80000,0x00000000d9c80000,0x00000000da500000)
 ParOldGen       total 56320K, used 7092K [0x0000000081c00000, 0x0000000085300000, 0x00000000d5f00000)
  object space 56320K, 12% used [0x0000000081c00000,0x00000000822ed038,0x0000000085300000)
 Metaspace       used 25211K, capacity 27011K, committed 27264K, reserved 1073152K
  class space    used 3364K, capacity 3700K, committed 3712K, reserved 1048576K
}

